[2016-05-30 15:27:28] local.ERROR: exception 'Symfony\Component\Debug\Exception\FatalErrorException' with message 'Call to undefined method Illuminate\Http\Request::post()' in D:\xampp\htdocs\BookingTravel\vendor\laravel\framework\src\Illuminate\Support\Facades\Facade.php:210
Stack trace:
#0 {main}  
[2016-05-30 16:28:51] local.ERROR: exception 'LogicException' with message 'Route pattern "/template/mainsearch/{where}/{where}" cannot reference variable name "where" more than once.' in D:\xampp\htdocs\BookingTravel\vendor\symfony\routing\Symfony\Component\Routing\RouteCompiler.php:102
Stack trace:
#0 D:\xampp\htdocs\BookingTravel\vendor\symfony\routing\Symfony\Component\Routing\RouteCompiler.php(57): Symfony\Component\Routing\RouteCompiler::compilePattern(Object(Symfony\Component\Routing\Route), '/template/mains...', false)
#1 D:\xampp\htdocs\BookingTravel\vendor\symfony\routing\Symfony\Component\Routing\Route.php(625): Symfony\Component\Routing\RouteCompiler::compile(Object(Symfony\Component\Routing\Route))
#2 D:\xampp\htdocs\BookingTravel\vendor\laravel\framework\src\Illuminate\Routing\Route.php(243): Symfony\Component\Routing\Route->compile()
#3 D:\xampp\htdocs\BookingTravel\vendor\laravel\framework\src\Illuminate\Routing\Route.php(216): Illuminate\Routing\Route->compileRoute()
#4 D:\xampp\htdocs\BookingTravel\vendor\laravel\framework\src\Illuminate\Routing\RouteCollection.php(222): Illuminate\Routing\Route->matches(Object(Illuminate\Http\Request), true)
#5 [internal function]: Illuminate\Routing\RouteCollection->Illuminate\Routing\{closure}('template/mainse...', Object(Illuminate\Routing\Route))
#6 D:\xampp\htdocs\BookingTravel\vendor\laravel\framework\src\Illuminate\Support\Arr.php(158): call_user_func(Object(Closure), 'template/mainse...', Object(Illuminate\Routing\Route))
#7 D:\xampp\htdocs\BookingTravel\vendor\laravel\framework\src\Illuminate\Support\helpers.php(150): Illuminate\Support\Arr::first(Array, Object(Closure), NULL)
#8 D:\xampp\htdocs\BookingTravel\vendor\laravel\framework\src\Illuminate\Routing\RouteCollection.php(223): array_first(Array, Object(Closure))
#9 D:\xampp\htdocs\BookingTravel\vendor\laravel\framework\src\Illuminate\Routing\RouteCollection.php(128): Illuminate\Routing\RouteCollection->check(Array, Object(Illuminate\Http\Request))
#10 D:\xampp\htdocs\BookingTravel\vendor\laravel\framework\src\Illuminate\Routing\Router.php(729): Illuminate\Routing\RouteCollection->match(Object(Illuminate\Http\Request))
#11 D:\xampp\htdocs\BookingTravel\vendor\laravel\framework\src\Illuminate\Routing\Router.php(652): Illuminate\Routing\Router->findRoute(Object(Illuminate\Http\Request))
#12 D:\xampp\htdocs\BookingTravel\vendor\laravel\framework\src\Illuminate\Routing\Router.php(628): Illuminate\Routing\Router->dispatchToRoute(Object(Illuminate\Http\Request))
#13 D:\xampp\htdocs\BookingTravel\vendor\laravel\framework\src\Illuminate\Foundation\Http\Kernel.php(214): Illuminate\Routing\Router->dispatch(Object(Illuminate\Http\Request))
#14 [internal function]: Illuminate\Foundation\Http\Kernel->Illuminate\Foundation\Http\{closure}(Object(Illuminate\Http\Request))
#15 D:\xampp\htdocs\BookingTravel\vendor\laravel\framework\src\Illuminate\Pipeline\Pipeline.php(141): call_user_func(Object(Closure), Object(Illuminate\Http\Request))
#16 D:\xampp\htdocs\BookingTravel\vendor\laravel\framework\src\Illuminate\Foundation\Http\Middleware\VerifyCsrfToken.php(43): Illuminate\Pipeline\Pipeline->Illuminate\Pipeline\{closure}(Object(Illuminate\Http\Request))
#17 D:\xampp\htdocs\BookingTravel\app\Http\Middleware\VerifyCsrfToken.php(17): Illuminate\Foundation\Http\Middleware\VerifyCsrfToken->handle(Object(Illuminate\Http\Request), Object(Closure))
#18 D:\xampp\htdocs\BookingTravel\vendor\laravel\framework\src\Illuminate\Pipeline\Pipeline.php(125): App\Http\Middleware\VerifyCsrfToken->handle(Object(Illuminate\Http\Request), Object(Closure))
#19 D:\xampp\htdocs\BookingTravel\vendor\laravel\framework\src\Illuminate\View\Middleware\ShareErrorsFromSession.php(55): Illuminate\Pipeline\Pipeline->Illuminate\Pipeline\{closure}(Object(Illuminate\Http\Request))
#20 D:\xampp\htdocs\BookingTravel\vendor\laravel\framework\src\Illuminate\Pipeline\Pipeline.php(125): Illuminate\View\Middleware\ShareErrorsFromSession->handle(Object(Illuminate\Http\Request), Object(Closure))
#21 D:\xampp\htdocs\BookingTravel\vendor\laravel\framework\src\Illuminate\Session\Middleware\StartSession.php(61): Illuminate\Pipeline\Pipeline->Illuminate\Pipeline\{closure}(Object(Illuminate\Http\Request))
#22 D:\xampp\htdocs\BookingTravel\vendor\laravel\framework\src\Illuminate\Pipeline\Pipeline.php(125): Illuminate\Session\Middleware\StartSession->handle(Object(Illuminate\Http\Request), Object(Closure))
#23 D:\xampp\htdocs\BookingTravel\vendor\laravel\framework\src\Illuminate\Cookie\Middleware\AddQueuedCookiesToResponse.php(36): Illuminate\Pipeline\Pipeline->Illuminate\Pipeline\{closure}(Object(Illuminate\Http\Request))
#24 D:\xampp\htdocs\BookingTravel\vendor\laravel\framework\src\Illuminate\Pipeline\Pipeline.php(125): Illuminate\Cookie\Middleware\AddQueuedCookiesToResponse->handle(Object(Illuminate\Http\Request), Object(Closure))
#25 D:\xampp\htdocs\BookingTravel\vendor\laravel\framework\src\Illuminate\Cookie\Middleware\EncryptCookies.php(40): Illuminate\Pipeline\Pipeline->Illuminate\Pipeline\{closure}(Object(Illuminate\Http\Request))
#26 D:\xampp\htdocs\BookingTravel\vendor\laravel\framework\src\Illuminate\Pipeline\Pipeline.php(125): Illuminate\Cookie\Middleware\EncryptCookies->handle(Object(Illuminate\Http\Request), Object(Closure))
#27 D:\xampp\htdocs\BookingTravel\vendor\laravel\framework\src\Illuminate\Foundation\Http\Middleware\CheckForMaintenanceMode.php(42): Illuminate\Pipeline\Pipeline->Illuminate\Pipeline\{closure}(Object(Illuminate\Http\Request))
#28 D:\xampp\htdocs\BookingTravel\vendor\laravel\framework\src\Illuminate\Pipeline\Pipeline.php(125): Illuminate\Foundation\Http\Middleware\CheckForMaintenanceMode->handle(Object(Illuminate\Http\Request), Object(Closure))
#29 [internal function]: Illuminate\Pipeline\Pipeline->Illuminate\Pipeline\{closure}(Object(Illuminate\Http\Request))
#30 D:\xampp\htdocs\BookingTravel\vendor\laravel\framework\src\Illuminate\Pipeline\Pipeline.php(101): call_user_func(Object(Closure), Object(Illuminate\Http\Request))
#31 D:\xampp\htdocs\BookingTravel\vendor\laravel\framework\src\Illuminate\Foundation\Http\Kernel.php(115): Illuminate\Pipeline\Pipeline->then(Object(Closure))
#32 D:\xampp\htdocs\BookingTravel\vendor\laravel\framework\src\Illuminate\Foundation\Http\Kernel.php(84): Illuminate\Foundation\Http\Kernel->sendRequestThroughRouter(Object(Illuminate\Http\Request))
#33 D:\xampp\htdocs\BookingTravel\index.php(53): Illuminate\Foundation\Http\Kernel->handle(Object(Illuminate\Http\Request))
#34 {main}  
